<persons>
  <person>
    <name>Kirsty</name>
    <location>Berlin</location>
  </person>
</persons>